#
# There is insufficient memory for the Java Runtime Environment to continue.
# Native memory allocation (mmap) failed to map 134217728 bytes for Failed to commit area from 0x0000000081600000 to 0x0000000089600000 of length 134217728.
# Possible reasons:
#   The system is out of physical RAM or swap space
#   The process is running with CompressedOops enabled, and the Java Heap may be blocking the growth of the native heap
# Possible solutions:
#   Reduce memory load on the system
#   Increase physical memory or swap space
#   Check if swap backing store is full
#   Decrease Java heap size (-Xmx/-Xms)
#   Decrease number of Java threads
#   Decrease Java thread stack sizes (-Xss)
#   Set larger code cache with -XX:ReservedCodeCacheSize=
# This output file may be truncated or incomplete.
#
#  Out of Memory Error (t:/workspace/open/src/hotspot/os/windows/os_windows.cpp:3221), pid=10700, tid=720
#
# JRE version:  (10.0.2+13) (build )
# Java VM: Java HotSpot(TM) 64-Bit Server VM (10.0.2+13, mixed mode, aot, tiered, compressed oops, g1 gc, windows-amd64)
# No core dump will be written. Minidumps are not enabled by default on client versions of Windows
#

---------------  S U M M A R Y ------------

Command Line: -Dfile.encoding=GBK classmateBook.banzhang

Host: Intel(R) Core(TM) i5-5200U CPU @ 2.20GHz, 4 cores, 7G,  Windows 10 , 64 bit Build 17134 (10.0.17134.1)
Time: Sat Nov 17 11:49:46 2018 ?D1¨²¡À¨º¡Á?¨º¡À?? elapsed time: 0 seconds (0d 0h 0m 0s)

---------------  T H R E A D  ---------------

Current thread (0x0000018f1ab84000):  JavaThread "Unknown thread" [_thread_in_vm, id=720, stack(0x0000005db6100000,0x0000005db6200000)]

Stack: [0x0000005db6100000,0x0000005db6200000]
Native frames: (J=compiled Java code, j=interpreted, Vv=VM code, C=native code)
V  [jvm.dll+0x5a01a9]
V  [jvm.dll+0x6bcf31]
V  [jvm.dll+0x6be126]
V  [jvm.dll+0x6be7b3]
V  [jvm.dll+0x234978]
V  [jvm.dll+0x59dac4]
V  [jvm.dll+0x592825]
V  [jvm.dll+0x2f632b]
V  [jvm.dll+0x2f6295]
V  [jvm.dll+0x2f6172]
V  [jvm.dll+0x2f8366]
V  [jvm.dll+0x344293]
V  [jvm.dll+0x3449a6]
V  [jvm.dll+0x344393]
V  [jvm.dll+0x2c4628]
V  [jvm.dll+0x2c5771]
V  [jvm.dll+0x69d1db]
V  [jvm.dll+0x69e9fc]
V  [jvm.dll+0x3519e9]
V  [jvm.dll+0x6856a2]
V  [jvm.dll+0x3ba0c3]
V  [jvm.dll+0x3bc261]
C  [javaw.exe+0x3541]
C  [javaw.exe+0xe1cf]
C  [javaw.exe+0xe376]
C  [KERNEL32.DLL+0x13034]
C  [ntdll.dll+0x71461]


---------------  P R O C E S S  ---------------

Threads class SMR info:
_java_thread_list=0x0000018f1a95aca0, length=0, elements={
}

Java Threads: ( => current thread )

Other Threads:
  0x0000018f1ab99800 GCTaskThread "GC Thread#0" [stack: 0x0000005db6200000,0x0000005db6300000] [id=6824]
  0x0000018f1ab9b000 GCTaskThread "GC Thread#1" [stack: 0x0000005db6300000,0x0000005db6400000] [id=4204]
  0x0000018f1ab9d800 GCTaskThread "GC Thread#2" [stack: 0x0000005db6400000,0x0000005db6500000] [id=11164]
  0x0000018f1aba0000 GCTaskThread "GC Thread#3" [stack: 0x0000005db6500000,0x0000005db6600000] [id=2272]
  0x0000018f1ac12000 ConcurrentGCThread "G1 Main Marker" [stack: 0x0000005db6600000,0x0000005db6700000] [id=5452]
  0x0000018f1ac1d800 ConcurrentGCThread "G1 Conc#0" [stack: 0x0000005db6700000,0x0000005db6800000] [id=7400]

[error occurred during error reporting (printing all threads), id 0xe0000002]

VM state:not at safepoint (not fully initialized)

VM Mutex/Monitor currently owned by a thread:  ([mutex/lock_event])
[0x0000018f1aa2cd10] Heap_lock - owner thread: 0x0000018f1ab84000

Heap address: 0x0000000081600000, size: 2026 MB, Compressed Oops mode: Non-zero based: 0x0000000081600000
Narrow klass base: 0x0000000000000000, Narrow klass shift: 0

GC Heap History (0 events):
No events

Deoptimization events (0 events):
No events

Classes redefined (0 events):
No events

Internal exceptions (0 events):
No events

Events (0 events):
No events


Dynamic libraries:
0x00007ff756dc0000 - 0x00007ff756dfe000 	C:\Program Files\Java\jdk-10.0.2\bin\javaw.exe
0x00007fffc5430000 - 0x00007fffc5611000 	C:\WINDOWS\SYSTEM32\ntdll.dll
0x00007fffc3910000 - 0x00007fffc39c2000 	C:\WINDOWS\System32\KERNEL32.DLL
0x00007fffc2360000 - 0x00007fffc25d3000 	C:\WINDOWS\System32\KERNELBASE.dll
0x00007fffc2d30000 - 0x00007fffc2dd1000 	C:\WINDOWS\System32\ADVAPI32.dll
0x00007fffc5360000 - 0x00007fffc53fe000 	C:\WINDOWS\System32\msvcrt.dll
0x00007fffc34a0000 - 0x00007fffc34fb000 	C:\WINDOWS\System32\sechost.dll
0x00007fffc2df0000 - 0x00007fffc2f14000 	C:\WINDOWS\System32\RPCRT4.dll
0x00007fffc2f20000 - 0x00007fffc30b0000 	C:\WINDOWS\System32\USER32.dll
0x00007fffc2660000 - 0x00007fffc2680000 	C:\WINDOWS\System32\win32u.dll
0x00007fffc28c0000 - 0x00007fffc28e8000 	C:\WINDOWS\System32\GDI32.dll
0x00007fffc21c0000 - 0x00007fffc2352000 	C:\WINDOWS\System32\gdi32full.dll
0x00007fffc1f10000 - 0x00007fffc1faf000 	C:\WINDOWS\System32\msvcp_win.dll
0x00007fffc1fb0000 - 0x00007fffc20aa000 	C:\WINDOWS\System32\ucrtbase.dll
0x00007fffb5d50000 - 0x00007fffb5fb9000 	C:\WINDOWS\WinSxS\amd64_microsoft.windows.common-controls_6595b64144ccf1df_6.0.17134.345_none_fb429a5930656358\COMCTL32.dll
0x00007fffb5d20000 - 0x00007fffb5d2a000 	C:\WINDOWS\SYSTEM32\VERSION.dll
0x00007fffc35e0000 - 0x00007fffc3903000 	C:\WINDOWS\System32\combase.dll
0x00007fffc25e0000 - 0x00007fffc265a000 	C:\WINDOWS\System32\bcryptPrimitives.dll
0x00007fffc28f0000 - 0x00007fffc291d000 	C:\WINDOWS\System32\IMM32.DLL
0x00007fff9bd60000 - 0x00007fff9be4f000 	C:\Program Files\Java\jdk-10.0.2\bin\msvcr120.dll
0x00007fff9bcb0000 - 0x00007fff9bd56000 	C:\Program Files\Java\jdk-10.0.2\bin\msvcp120.dll
0x000000005b640000 - 0x000000005c0b0000 	C:\Program Files\Java\jdk-10.0.2\bin\server\jvm.dll
0x00007fffc2de0000 - 0x00007fffc2de8000 	C:\WINDOWS\System32\PSAPI.DLL
0x00007fffbdc70000 - 0x00007fffbdc79000 	C:\WINDOWS\SYSTEM32\WSOCK32.dll
0x00007fffbe2d0000 - 0x00007fffbe2f3000 	C:\WINDOWS\SYSTEM32\WINMM.dll
0x00007fffc3430000 - 0x00007fffc349c000 	C:\WINDOWS\System32\WS2_32.dll
0x00007fffbe2a0000 - 0x00007fffbe2ca000 	C:\WINDOWS\SYSTEM32\winmmbase.dll
0x00007fffc2870000 - 0x00007fffc28b9000 	C:\WINDOWS\System32\cfgmgr32.dll
0x00007fffbc5e0000 - 0x00007fffbc5ef000 	C:\Program Files\Java\jdk-10.0.2\bin\verify.dll
0x00007fff8b550000 - 0x00007fff8b719000 	C:\WINDOWS\SYSTEM32\DBGHELP.DLL
0x00007fff9cf30000 - 0x00007fff9cf59000 	C:\WINDOWS\SYSTEM32\dbgcore.DLL
0x00007fffbc3a0000 - 0x00007fffbc3c7000 	C:\Program Files\Java\jdk-10.0.2\bin\java.dll
0x00007fffbb720000 - 0x00007fffbb736000 	C:\Program Files\Java\jdk-10.0.2\bin\zip.dll
0x00007fffbc5d0000 - 0x00007fffbc5da000 	C:\Program Files\Java\jdk-10.0.2\bin\jimage.dll

dbghelp: loaded successfully - version: 4.0.5 - missing functions: none
symbol engine: initialized successfully - sym options: 0x614 - pdb path: .;C:\Program Files\Java\jdk-10.0.2\bin;C:\WINDOWS\SYSTEM32;C:\WINDOWS\WinSxS\amd64_microsoft.windows.common-controls_6595b64144ccf1df_6.0.17134.345_none_fb429a5930656358;C:\Program Files\Java\jdk-10.0.2\bin\server

VM Arguments:
jvm_args: -Dfile.encoding=GBK 
java_command: classmateBook.banzhang
java_class_path (initial): E:\eclipse\workspace\classmateBook\bin;E:\eclipse\plugins\org.eclipse.osgi_3.13.0.v20180409-1500.jar;E:\eclipse\plugins\org.eclipse.core.commands_3.9.100.v20180404-1234.jar;E:\eclipse\plugins\org.eclipse.equinox.common_3.10.0.v20180412-1130.jar;E:\eclipse\plugins\org.eclipse.equinox.registry_3.8.0.v20180426-1327.jar;E:\eclipse\plugins\org.eclipse.core.runtime_3.14.0.v20180417-0825.jar;E:\eclipse\plugins\org.eclipse.text_3.6.300.v20180430-1330.jar;E:\eclipse\plugins\org.eclipse.swt.win32.win32.x86_64_3.107.0.v20180611-0422.jar;E:\eclipse\plugins\org.eclipse.jface_3.14.0.v20180423-0714.jar;E:\eclipse\plugins\org.eclipse.jface.text_3.13.0.v20180527-1819.jar;E:\eclipse\plugins\org.eclipse.ui.workbench_3.111.0.v20180524-1156.jar;E:\eclipse\plugins\com.ibm.icu_58.2.0.v20170418-1837.jar;E:\eclipse\plugins\org.eclipse.ui.forms_3.7.200.v20180512-1133.jar
Launcher Type: SUN_STANDARD

Logging:
Log output configuration:
#0: stdout all=warning uptime,level,tags
#1: stderr all=off uptime,level,tags

Environment Variables:
JAVA_HOME=C:\Program Files\Java\jdk-10.0.2
CLASSPATH=.;C:\Program Files\Java\jdk-10.0.2\lib\dt.jar;C:\Program Files\Java\jdk-10.0.2\lib\tools.jar;
PATH=C:/Program Files/Java/jdk-10.0.2/bin/server;C:/Program Files/Java/jdk-10.0.2/bin;C:\Program Files\Java\jdk-10.0.2\bin;C:\Program Files\Java\jre-10.0.2\bin;"C:\Program Files (x86)\Common Files\Oracle\Java\javapath";";C:\Program Files (x86)\Common Files\Intel\Shared Libraries\redist\intel64\compiler;C:\Program Files\Microsoft MPI\Bin\;C:\WINDOWS\system32;C:\WINDOWS;C:\WINDOWS\System32\Wbem;C:\WINDOWS\System32\WindowsPowerShell\v1.0\;C:\Program Files (x86)\Common Files\Thunder Network\KanKan\Codecs;C:\Program Files (x86)\NVIDIA Corporation\PhysX\Common;C:\Program Files\Microsoft SQL Server\Client SDK\ODBC\130\Tools\Binn\;C:\Program Files (x86)\Microsoft SQL Server\140\Tools\Binn\;C:\Program Files\Microsoft SQL Server\140\Tools\Binn\;C:\Program Files\Microsoft SQL Server\140\DTS\Binn\;C:\Program Files (x86)\Microsoft SQL Server\Client SDK\ODBC\130\Tools\Binn\;C:\Program Files (x86)\Microsoft SQL Server\140\DTS\Binn\;C:\Program Files (x86)\Microsoft SQL Server\140\Tools\Binn\ManagementStudio\;C:\WINDOWS\system32;C:\WINDOWS;C:\WINDOWS\System32\Wbem;C:\WINDOWS\System32\WindowsPowerShell\v1.0\;C:\WINDOWS\System32\OpenSSH\;E:\matlabs\runtime\win64;E:\matlabs\bin;E:\matlabs\polyspace\bin;";C:\Program Files\TortoiseGit\bin;C:\Program Files\Git\cmd;C:\Program Files (x86)\Rational\common;C:\Users\Administrator\AppData\Local\Microsoft\WindowsApps;;E:\eclipse;
USERNAME=Administrator
OS=Windows_NT
PROCESSOR_IDENTIFIER=Intel64 Family 6 Model 61 Stepping 4, GenuineIntel



---------------  S Y S T E M  ---------------

OS: Windows 10 , 64 bit Build 17134 (10.0.17134.1)

CPU:total 4 (initial active 4) (2 cores per cpu, 2 threads per core) family 6 model 61 stepping 4, cmov, cx8, fxsr, mmx, sse, sse2, sse3, ssse3, sse4.1, sse4.2, popcnt, avx, avx2, aes, clmul, erms, 3dnowpref, lzcnt, ht, tsc, tscinvbit, bmi1, bmi2, adx, fma

Memory: 4k page, physical 8297700k(2432796k free), swap 8297700k(24264k free)

vm_info: Java HotSpot(TM) 64-Bit Server VM (10.0.2+13) for windows-amd64 JRE (10.0.2+13), built on Jun 28 2018 01:57:56 by "mach5one" with MS VC++ 12.0 (VS2013)

END.
